<?xml version="1.0" encoding="utf-8"?><testsuites name="pytest tests"><testsuite name="pytest" errors="0" failures="0" skipped="0" tests="9" time="3.451" timestamp="2026-03-13T05:13:16.585422+00:00" hostname="agent-env-73c8bdd9-aac9-40b8-bed1-84c9ba788c9d"><testcase classname="tests.test_auth.TestAuthRegister" name="test_register_success" time="0.374" /><testcase classname="tests.test_auth.TestAuthRegister" name="test_register_duplicate_email" time="0.109" /><testcase classname="tests.test_auth.TestAuthLogin" name="test_login_success" time="0.360" /><testcase classname="tests.test_auth.TestAuthLogin" name="test_login_invalid_credentials" time="0.401" /><testcase classname="tests.test_auth.TestAuthLogin" name="test_login_nonexistent_user" time="0.196" /><testcase classname="tests.test_auth.TestAuthMe" name="test_auth_me_with_valid_session" time="0.532" /><testcase classname="tests.test_auth.TestAuthMe" name="test_auth_me_without_session" time="0.106" /><testcase classname="tests.test_auth.TestAuthLogout" name="test_logout_clears_session" time="0.441" /><testcase classname="tests.test_auth.TestFullAuthFlow" name="test_register_login_me_logout_flow" time="0.756" /></testsuite></testsuites>