<?xml version="1.0" encoding="utf-8"?><testsuites name="pytest tests"><testsuite name="pytest" errors="0" failures="0" skipped="0" tests="8" time="12.396" timestamp="2026-03-13T03:10:20.458823+00:00" hostname="agent-env-73c8bdd9-aac9-40b8-bed1-84c9ba788c9d"><testcase classname="backend.tests.test_batch_upload.TestBatchSaveEndpoint" name="test_batch_save_empty_array_returns_zeros" time="0.156" /><testcase classname="backend.tests.test_batch_upload.TestBatchSaveEndpoint" name="test_batch_save_single_card_collection" time="0.121" /><testcase classname="backend.tests.test_batch_upload.TestBatchSaveEndpoint" name="test_batch_save_multiple_cards_for_sale" time="0.138" /><testcase classname="backend.tests.test_batch_upload.TestBatchSaveEndpoint" name="test_batch_save_card_with_all_fields" time="0.257" /><testcase classname="backend.tests.test_batch_upload.TestCardIdentifyEndpoint" name="test_identify_endpoint_exists" time="0.125" /><testcase classname="backend.tests.test_batch_upload.TestCardIdentifyEndpoint" name="test_identify_endpoint_accepts_request" time="9.962" /><testcase classname="backend.tests.test_batch_upload.TestBatchSaveDataPersistence" name="test_batch_saved_cards_appear_in_inventory" time="0.362" /><testcase classname="backend.tests.test_batch_upload.TestCleanup" name="test_cleanup_batch_test_cards" time="0.799" /></testsuite></testsuites>