<?xml version="1.0" encoding="utf-8"?><testsuites name="pytest tests"><testsuite name="pytest" errors="0" failures="0" skipped="0" tests="12" time="5.043" timestamp="2026-03-12T17:16:16.907431+00:00" hostname="agent-env-95eea522-d247-48b3-b514-1c47dcbb014a"><testcase classname="backend.tests.test_inventory_category.TestInventoryCategory" name="test_create_item_with_collection_category" time="0.176" /><testcase classname="backend.tests.test_inventory_category.TestInventoryCategory" name="test_create_item_with_for_sale_category" time="0.131" /><testcase classname="backend.tests.test_inventory_category.TestInventoryCategory" name="test_default_category_is_collection" time="0.194" /><testcase classname="backend.tests.test_inventory_category.TestInventoryCategoryFilter" name="test_filter_by_collection_category" time="0.156" /><testcase classname="backend.tests.test_inventory_category.TestInventoryCategoryFilter" name="test_filter_by_for_sale_category" time="0.134" /><testcase classname="backend.tests.test_inventory_category.TestInventoryCategoryFilter" name="test_no_category_filter_returns_all" time="0.142" /><testcase classname="backend.tests.test_inventory_category.TestInventoryStatsWithCategory" name="test_stats_has_category_counts" time="0.229" /><testcase classname="backend.tests.test_inventory_category.TestImportFromScan" name="test_import_to_collection" time="0.745" /><testcase classname="backend.tests.test_inventory_category.TestImportFromScan" name="test_import_to_for_sale" time="0.854" /><testcase classname="backend.tests.test_inventory_category.TestImportFromScan" name="test_import_duplicate_returns_400" time="0.917" /><testcase classname="backend.tests.test_inventory_category.TestImportFromScan" name="test_import_nonexistent_analysis_returns_404" time="0.606" /><testcase classname="backend.tests.test_inventory_category.TestCleanupCategoryTests" name="test_cleanup_test_data" time="0.600" /></testsuite></testsuites>