<?xml version="1.0" encoding="utf-8"?><testsuites name="pytest tests"><testsuite name="pytest" errors="0" failures="0" skipped="0" tests="9" time="11.065" timestamp="2026-03-12T21:08:38.409732+00:00" hostname="agent-env-b3433f60-7435-45d8-bb4b-f55f735a8e55"><testcase classname="tests.test_dashboard_analytics.TestDashboardAnalytics" name="test_dashboard_analytics_endpoint_returns_200" time="1.573" /><testcase classname="tests.test_dashboard_analytics.TestDashboardAnalytics" name="test_dashboard_analytics_sales_structure" time="1.286" /><testcase classname="tests.test_dashboard_analytics.TestDashboardAnalytics" name="test_dashboard_analytics_inventory_structure" time="1.446" /><testcase classname="tests.test_dashboard_analytics.TestDashboardAnalytics" name="test_dashboard_analytics_listings_structure" time="1.295" /><testcase classname="tests.test_dashboard_analytics.TestDashboardAnalytics" name="test_dashboard_analytics_top_sale" time="1.299" /><testcase classname="tests.test_dashboard_analytics.TestMyListingsEndpoint" name="test_my_listings_endpoint_returns_200" time="0.599" /><testcase classname="tests.test_dashboard_analytics.TestMyListingsEndpoint" name="test_my_listings_structure" time="0.555" /><testcase classname="tests.test_dashboard_analytics.TestDateRangeFiltering" name="test_timeline_dates_are_sortable" time="1.359" /><testcase classname="tests.test_dashboard_analytics.TestDateRangeFiltering" name="test_monthly_chart_months_are_valid" time="1.486" /></testsuite></testsuites>