<?xml version="1.0" encoding="utf-8"?><testsuites name="pytest tests"><testsuite name="pytest" errors="0" failures="0" skipped="0" tests="9" time="1.541" timestamp="2026-03-12T22:09:04.347569+00:00" hostname="agent-env-b7a0cf9b-0834-4861-b067-bb02baddc9ab"><testcase classname="backend.tests.test_ebay_listing.TestEbayOAuth" name="test_ebay_oauth_status" time="0.238" /><testcase classname="backend.tests.test_ebay_listing.TestInventory" name="test_get_inventory" time="0.112" /><testcase classname="backend.tests.test_ebay_listing.TestInventory" name="test_inventory_has_expected_items" time="0.132" /><testcase classname="backend.tests.test_ebay_listing.TestEbayListingPreview" name="test_preview_valid_item" time="0.174" /><testcase classname="backend.tests.test_ebay_listing.TestEbayListingPreview" name="test_preview_graded_card" time="0.198" /><testcase classname="backend.tests.test_ebay_listing.TestEbayListingPreview" name="test_preview_invalid_item" time="0.228" /><testcase classname="backend.tests.test_ebay_listing.TestEbayListingCreate" name="test_create_listing_request_structure" time="0.118" /><testcase classname="backend.tests.test_ebay_listing.TestEbayListingCreate" name="test_create_listing_validation" time="0.150" /><testcase classname="backend.tests.test_ebay_listing.TestListingFormats" name="test_listing_formats_accepted" time="0.000" /></testsuite></testsuites>