<?xml version="1.0" encoding="utf-8"?><testsuites name="pytest tests"><testsuite name="pytest" errors="0" failures="0" skipped="0" tests="10" time="11.319" timestamp="2026-03-13T01:59:16.186948+00:00" hostname="agent-env-75f8c46f-328f-4847-baa3-15378ce476e1"><testcase classname="backend.tests.test_image_features.TestCardIdentifyEndpoint" name="test_identify_endpoint_exists" time="5.159" /><testcase classname="backend.tests.test_image_features.TestCardIdentifyEndpoint" name="test_identify_accepts_back_image" time="4.191" /><testcase classname="backend.tests.test_image_features.TestInventoryStats" name="test_stats_endpoint_returns_required_fields" time="0.195" /><testcase classname="backend.tests.test_image_features.TestInventoryStats" name="test_stats_counts_are_consistent" time="0.139" /><testcase classname="backend.tests.test_image_features.TestInventoryCreate" name="test_create_inventory_item_processes_image" time="0.222" /><testcase classname="backend.tests.test_image_features.TestInventoryCreate" name="test_create_inventory_item_with_back_image" time="0.303" /><testcase classname="backend.tests.test_image_features.TestInventoryUpdate" name="test_update_inventory_item_processes_image" time="0.401" /><testcase classname="backend.tests.test_image_features.TestInventoryUpdate" name="test_update_inventory_item_with_back_image" time="0.382" /><testcase classname="backend.tests.test_image_features.TestInventoryFiltering" name="test_get_listed_items" time="0.150" /><testcase classname="backend.tests.test_image_features.TestInventoryFiltering" name="test_get_collection_items" time="0.109" /></testsuite></testsuites>