<?xml version="1.0" encoding="utf-8"?><testsuites name="pytest tests"><testsuite name="pytest" errors="0" failures="0" skipped="0" tests="7" time="7.822" timestamp="2026-03-12T22:29:20.668972+00:00" hostname="agent-env-b7a0cf9b-0834-4861-b067-bb02baddc9ab"><testcase classname="backend.tests.test_inline_form.TestInventoryEndpoints" name="test_get_inventory_returns_items" time="0.225" /><testcase classname="backend.tests.test_inline_form.TestInventoryEndpoints" name="test_inventory_item_has_required_fields" time="0.118" /><testcase classname="backend.tests.test_inline_form.TestInventoryEndpoints" name="test_create_inventory_item" time="0.336" /><testcase classname="backend.tests.test_inline_form.TestInventoryEndpoints" name="test_create_inventory_item_minimal" time="0.417" /><testcase classname="backend.tests.test_inline_form.TestCardIdentifyEndpoint" name="test_identify_endpoint_exists" time="0.106" /><testcase classname="backend.tests.test_inline_form.TestCardIdentifyEndpoint" name="test_identify_with_inventory_image" time="6.365" /><testcase classname="backend.tests.test_inline_form.TestInventoryStats" name="test_inventory_stats_endpoint" time="0.158" /></testsuite></testsuites>