<?xml version="1.0" encoding="utf-8"?><testsuites name="pytest tests"><testsuite name="pytest" errors="0" failures="0" skipped="0" tests="17" time="4.746" timestamp="2026-03-12T16:34:09.225753+00:00" hostname="agent-env-95eea522-d247-48b3-b514-1c47dcbb014a"><testcase classname="backend.tests.test_inventory.TestInventoryCreate" name="test_create_inventory_item_all_fields" time="0.205" /><testcase classname="backend.tests.test_inventory.TestInventoryCreate" name="test_create_raw_card" time="0.143" /><testcase classname="backend.tests.test_inventory.TestInventoryCreate" name="test_create_minimal_card" time="0.150" /><testcase classname="backend.tests.test_inventory.TestInventoryList" name="test_list_all_inventory" time="0.131" /><testcase classname="backend.tests.test_inventory.TestInventoryList" name="test_search_by_keyword" time="0.143" /><testcase classname="backend.tests.test_inventory.TestInventoryList" name="test_filter_by_condition_graded" time="0.118" /><testcase classname="backend.tests.test_inventory.TestInventoryList" name="test_filter_by_condition_raw" time="0.149" /><testcase classname="backend.tests.test_inventory.TestInventoryList" name="test_filter_by_listed_false" time="0.160" /><testcase classname="backend.tests.test_inventory.TestInventoryList" name="test_filter_by_listed_true" time="0.116" /><testcase classname="backend.tests.test_inventory.TestInventoryStats" name="test_get_inventory_stats" time="0.112" /><testcase classname="backend.tests.test_inventory.TestInventorySingleItem" name="test_get_single_item" time="0.357" /><testcase classname="backend.tests.test_inventory.TestInventorySingleItem" name="test_get_nonexistent_item_returns_404" time="0.374" /><testcase classname="backend.tests.test_inventory.TestInventorySingleItem" name="test_update_item" time="0.507" /><testcase classname="backend.tests.test_inventory.TestInventorySingleItem" name="test_update_condition_to_graded" time="0.405" /><testcase classname="backend.tests.test_inventory.TestInventorySingleItem" name="test_delete_item" time="0.646" /><testcase classname="backend.tests.test_inventory.TestInventorySingleItem" name="test_delete_nonexistent_item_returns_404" time="0.352" /><testcase classname="backend.tests.test_inventory.TestInventoryCleanup" name="test_cleanup_test_data" time="0.480" /></testsuite></testsuites>