<?xml version="1.0" encoding="utf-8"?><testsuites name="pytest tests"><testsuite name="pytest" errors="0" failures="0" skipped="0" tests="9" time="1.976" timestamp="2026-03-13T00:19:49.018330+00:00" hostname="agent-env-75f8c46f-328f-4847-baa3-15378ce476e1"><testcase classname="backend.tests.test_listed_tab.TestInventoryTabs" name="test_inventory_endpoint_exists" time="0.270" /><testcase classname="backend.tests.test_listed_tab.TestInventoryTabs" name="test_inventory_stats_endpoint" time="0.144" /><testcase classname="backend.tests.test_listed_tab.TestInventoryTabs" name="test_listed_filter_returns_only_listed_items" time="0.148" /><testcase classname="backend.tests.test_listed_tab.TestInventoryTabs" name="test_collection_filter_excludes_listed_items" time="0.136" /><testcase classname="backend.tests.test_listed_tab.TestInventoryTabs" name="test_for_sale_filter_excludes_listed_items" time="0.107" /><testcase classname="backend.tests.test_listed_tab.TestInventoryTabs" name="test_all_tab_returns_all_items" time="0.297" /><testcase classname="backend.tests.test_listed_tab.TestStatsAccuracy" name="test_stats_counts_are_accurate" time="0.553" /><testcase classname="backend.tests.test_listed_tab.TestStatsAccuracy" name="test_total_cards_equals_sum_of_parts" time="0.112" /><testcase classname="backend.tests.test_listed_tab.TestListedCardFields" name="test_listed_cards_have_required_fields" time="0.160" /></testsuite></testsuites>