<?xml version="1.0" encoding="utf-8"?><testsuites name="pytest tests"><testsuite name="pytest" errors="0" failures="0" skipped="0" tests="15" time="67.703" timestamp="2026-03-12T21:26:53.148362+00:00" hostname="agent-env-b3433f60-7435-45d8-bb4b-f55f735a8e55"><testcase classname="backend.tests.test_market_intelligence.TestMarketHealthEndpoints" name="test_market_hot_cards_returns_200" time="0.250" /><testcase classname="backend.tests.test_market_intelligence.TestMarketHealthEndpoints" name="test_market_portfolio_health_returns_200" time="0.141" /><testcase classname="backend.tests.test_market_intelligence.TestMarketHealthEndpoints" name="test_market_watchlist_returns_200" time="0.163" /><testcase classname="backend.tests.test_market_intelligence.TestMarketWatchlistCRUD" name="test_add_player_to_watchlist" time="0.541" /><testcase classname="backend.tests.test_market_intelligence.TestMarketWatchlistCRUD" name="test_add_card_to_watchlist" time="0.658" /><testcase classname="backend.tests.test_market_intelligence.TestMarketWatchlistCRUD" name="test_watchlist_empty_name_returns_400" time="0.577" /><testcase classname="backend.tests.test_market_intelligence.TestMarketWatchlistCRUD" name="test_add_and_verify_watchlist_item" time="0.687" /><testcase classname="backend.tests.test_market_intelligence.TestMarketWatchlistCRUD" name="test_remove_from_watchlist" time="0.802" /><testcase classname="backend.tests.test_market_intelligence.TestMarketCardValue" name="test_card_value_endpoint_returns_200" time="31.061" /><testcase classname="backend.tests.test_market_intelligence.TestMarketCardValue" name="test_card_value_with_graded_query" time="30.732" /><testcase classname="backend.tests.test_market_intelligence.TestDashboardAnalytics" name="test_dashboard_analytics_returns_200" time="1.418" /><testcase classname="backend.tests.test_market_intelligence.TestHotCardsStructure" name="test_hot_cards_has_required_fields" time="0.110" /><testcase classname="backend.tests.test_market_intelligence.TestHotCardsStructure" name="test_hot_cards_returns_user_sports" time="0.124" /><testcase classname="backend.tests.test_market_intelligence.TestPortfolioHealthStructure" name="test_portfolio_health_has_sport_detection" time="0.129" /><testcase classname="backend.tests.test_market_intelligence.TestPortfolioHealthStructure" name="test_portfolio_health_totals_are_numeric" time="0.124" /></testsuite></testsuites>