<?xml version="1.0" encoding="utf-8"?><testsuites name="pytest tests"><testsuite name="pytest" errors="0" failures="0" skipped="0" tests="2" time="2.010" timestamp="2026-03-12T20:13:07.925110+00:00" hostname="agent-env-b3433f60-7435-45d8-bb4b-f55f735a8e55"><testcase classname="backend.tests.test_market_value_sold.TestMarketValueSoldData" name="test_graded_card_returns_sold_data" time="1.308" /><testcase classname="backend.tests.test_market_value_sold.TestMarketValueSoldData" name="test_ungraded_card_returns_sold_data" time="0.652" /></testsuite></testsuites>