<?xml version="1.0" encoding="utf-8"?><testsuites name="pytest tests"><testsuite name="pytest" errors="0" failures="0" skipped="0" tests="7" time="4.804" timestamp="2026-03-12T18:21:01.617567+00:00" hostname="agent-env-95eea522-d247-48b3-b514-1c47dcbb014a"><testcase classname="tests.test_market_ebay.TestMarketEndpoints" name="test_market_search_returns_items_and_stats" time="0.995" /><testcase classname="tests.test_market_ebay.TestMarketEndpoints" name="test_market_card_value_returns_raw_and_psa10_stats" time="0.603" /><testcase classname="tests.test_market_ebay.TestMarketEndpoints" name="test_flip_calculator_returns_profit_calculation" time="0.621" /><testcase classname="tests.test_market_ebay.TestEbayOAuthEndpoints" name="test_ebay_oauth_status_connected" time="0.144" /><testcase classname="tests.test_market_ebay.TestEbayOAuthEndpoints" name="test_ebay_my_listings_returns_active_and_sold" time="1.192" /><testcase classname="tests.test_market_ebay.TestMarketSearchEdgeCases" name="test_market_search_empty_query_handling" time="0.510" /><testcase classname="tests.test_market_ebay.TestMarketSearchEdgeCases" name="test_flip_calc_custom_grading_cost" time="0.572" /></testsuite></testsuites>