<?xml version="1.0" encoding="utf-8"?><testsuites name="pytest tests"><testsuite name="pytest" errors="0" failures="0" skipped="0" tests="16" time="4.890" timestamp="2026-03-13T03:41:43.815502+00:00" hostname="agent-env-73c8bdd9-aac9-40b8-bed1-84c9ba788c9d"><testcase classname="backend.tests.test_portfolio_alerts_history.TestPortfolioSummary" name="test_portfolio_summary_returns_200" time="0.226" /><testcase classname="backend.tests.test_portfolio_alerts_history.TestPortfolioSummary" name="test_portfolio_summary_has_required_fields" time="0.072" /><testcase classname="backend.tests.test_portfolio_alerts_history.TestPortfolioSummary" name="test_portfolio_summary_cards_have_required_fields" time="0.072" /><testcase classname="backend.tests.test_portfolio_alerts_history.TestPortfolioRefreshValue" name="test_refresh_value_nonexistent_item_returns_404" time="0.082" /><testcase classname="backend.tests.test_portfolio_alerts_history.TestPortfolioRefreshValue" name="test_refresh_value_existing_item" time="1.170" /><testcase classname="backend.tests.test_portfolio_alerts_history.TestPortfolioSnapshot" name="test_portfolio_snapshot_returns_200" time="0.105" /><testcase classname="backend.tests.test_portfolio_alerts_history.TestPortfolioSnapshot" name="test_portfolio_snapshot_has_required_fields" time="0.097" /><testcase classname="backend.tests.test_portfolio_alerts_history.TestPriceAlertsCreate" name="test_create_alert_returns_200" time="0.109" /><testcase classname="backend.tests.test_portfolio_alerts_history.TestPriceAlertsCreate" name="test_create_alert_with_above_condition" time="0.081" /><testcase classname="backend.tests.test_portfolio_alerts_history.TestPriceAlertsCreate" name="test_create_alert_minimal_fields" time="0.068" /><testcase classname="backend.tests.test_portfolio_alerts_history.TestPriceAlertsGet" name="test_get_alerts_returns_200" time="0.079" /><testcase classname="backend.tests.test_portfolio_alerts_history.TestPriceAlertsGet" name="test_get_alerts_contain_required_fields" time="0.070" /><testcase classname="backend.tests.test_portfolio_alerts_history.TestPriceAlertsDelete" name="test_delete_nonexistent_alert_returns_404" time="0.081" /><testcase classname="backend.tests.test_portfolio_alerts_history.TestPriceAlertsDelete" name="test_create_and_delete_alert" time="0.244" /><testcase classname="backend.tests.test_portfolio_alerts_history.TestPriceAlertsCheck" name="test_check_alerts_returns_200" time="1.929" /><testcase classname="backend.tests.test_portfolio_alerts_history.TestCleanup" name="test_cleanup_test_alerts" time="0.309" /></testsuite></testsuites>