<?xml version="1.0" encoding="utf-8"?><testsuites name="pytest tests"><testsuite name="pytest" errors="0" failures="0" skipped="0" tests="15" time="3.964" timestamp="2026-03-12T16:00:47.381778+00:00" hostname="agent-env-95eea522-d247-48b3-b514-1c47dcbb014a"><testcase classname="backend.tests.test_dashboard.TestDashboardStats" name="test_stats_endpoint_returns_200" time="0.187" /><testcase classname="backend.tests.test_dashboard.TestDashboardStats" name="test_stats_contains_required_fields" time="0.165" /><testcase classname="backend.tests.test_dashboard.TestDashboardStats" name="test_stats_values_are_numeric" time="0.169" /><testcase classname="backend.tests.test_dashboard.TestDashboardRecent" name="test_recent_endpoint_returns_200" time="0.128" /><testcase classname="backend.tests.test_dashboard.TestDashboardRecent" name="test_recent_returns_list" time="0.238" /><testcase classname="backend.tests.test_dashboard.TestDashboardRecent" name="test_recent_card_structure" time="0.122" /><testcase classname="backend.tests.test_dashboard.TestDashboardMovers" name="test_movers_endpoint_returns_200" time="0.175" /><testcase classname="backend.tests.test_dashboard.TestDashboardMovers" name="test_movers_returns_list" time="0.132" /><testcase classname="backend.tests.test_dashboard.TestDashboardMovers" name="test_movers_structure" time="0.150" /><testcase classname="backend.tests.test_dashboard.TestDashboardOpportunities" name="test_opportunities_endpoint_returns_200" time="0.107" /><testcase classname="backend.tests.test_dashboard.TestDashboardOpportunities" name="test_opportunities_returns_list" time="0.126" /><testcase classname="backend.tests.test_dashboard.TestDashboardOpportunities" name="test_opportunities_structure" time="0.115" /><testcase classname="backend.tests.test_dashboard.TestEbayMarketData" name="test_ebay_market_endpoint_returns_200" time="0.774" /><testcase classname="backend.tests.test_dashboard.TestEbayMarketData" name="test_ebay_market_response_structure" time="0.590" /><testcase classname="backend.tests.test_dashboard.TestEbayMarketData" name="test_ebay_market_item_structure" time="0.621" /></testsuite></testsuites>